#
# There is insufficient memory for the Java Runtime Environment to continue.
# Native memory allocation (malloc) failed to allocate 1122816 bytes for Chunk::new
# Possible reasons:
#   The system is out of physical RAM or swap space
#   The process is running with CompressedOops enabled, and the Java Heap may be blocking the growth of the native heap
# Possible solutions:
#   Reduce memory load on the system
#   Increase physical memory or swap space
#   Check if swap backing store is full
#   Decrease Java heap size (-Xmx/-Xms)
#   Decrease number of Java threads
#   Decrease Java thread stack sizes (-Xss)
#   Set larger code cache with -XX:ReservedCodeCacheSize=
#   JVM is running with Unscaled Compressed Oops mode in which the Java heap is
#     placed in the first 4GB address space. The Java Heap base address is the
#     maximum limit for the native heap growth. Please use -XX:HeapBaseMinAddress
#     to set the Java Heap base and to place the Java Heap above 4GB virtual address.
# This output file may be truncated or incomplete.
#
#  Out of Memory Error (t:/workspace/open/src/hotspot/share/memory/arena.cpp:195), pid=29544, tid=21204
#
# JRE version: Java(TM) SE Runtime Environment (14.0+36) (build 14+36-1461)
# Java VM: Java HotSpot(TM) 64-Bit Server VM (14+36-1461, mixed mode, sharing, tiered, compressed oops, g1 gc, windows-amd64)
# No core dump will be written. Minidumps are not enabled by default on client versions of Windows
#

---------------  S U M M A R Y ------------

Command Line: -javaagent:C:\Program Files\JetBrains\IntelliJ IDEA Community Edition 2019.3.2\lib\idea_rt.jar=3541:C:\Program Files\JetBrains\IntelliJ IDEA Community Edition 2019.3.2\bin -Dfile.encoding=UTF-8 com.stage.livraison.LivraisonApplication

Host: Intel(R) Core(TM) i5-8265U CPU @ 1.60GHz, 8 cores, 7G,  Windows 10 , 64 bit Build 18362 (10.0.18362.1500)
Time: Mon Jul 19 13:15:53 2021 Pacifique (heure d?été) elapsed time: 41 seconds (0d 0h 0m 41s)

---------------  T H R E A D  ---------------

Current thread (0x000001e2cd508000):  JavaThread "C2 CompilerThread0" daemon [_thread_in_native, id=21204, stack(0x000000d244300000,0x000000d244400000)]


Current CompileTask:
C2:  41790 4931       4       org.springframework.beans.factory.support.AbstractBeanFactory::isTypeMatch (607 bytes)

Stack: [0x000000d244300000,0x000000d244400000]
Native frames: (J=compiled Java code, j=interpreted, Vv=VM code, C=native code)
V  [jvm.dll+0x5f83ea]
V  [jvm.dll+0x741e2a]
V  [jvm.dll+0x7435df]
V  [jvm.dll+0x743c23]
V  [jvm.dll+0x20d268]
V  [jvm.dll+0xabb07]
V  [jvm.dll+0xac1fc]
V  [jvm.dll+0x276d94]
V  [jvm.dll+0x50ca2a]
V  [jvm.dll+0x1ee1ba]
V  [jvm.dll+0x1e7cdb]
V  [jvm.dll+0x1e4f78]
V  [jvm.dll+0x1779cc]
V  [jvm.dll+0x1f40e5]
V  [jvm.dll+0x1f22cb]
V  [jvm.dll+0x706a7d]
V  [jvm.dll+0x6ff89a]
V  [jvm.dll+0x5f72a6]
C  [ucrtbase.dll+0x210b2]
C  [KERNEL32.DLL+0x17c24]
C  [ntdll.dll+0x6d721]


---------------  P R O C E S S  ---------------

Threads class SMR info:
_java_thread_list=0x000001e2d0ca8cf0, length=13, elements={
0x000001e2ae5a1800, 0x000001e2cd4e6800, 0x000001e2cd4e8000, 0x000001e2cd500800,
0x000001e2cd504800, 0x000001e2cd505800, 0x000001e2cd508000, 0x000001e2cd509000,
0x000001e2cde98800, 0x000001e2cd4ca000, 0x000001e2ce3f2000, 0x000001e2ce5f0000,
0x000001e2ce56b800
}

Java Threads: ( => current thread )
  0x000001e2ae5a1800 JavaThread "main" [_thread_in_Java, id=28372, stack(0x000000d243700000,0x000000d243800000)]
  0x000001e2cd4e6800 JavaThread "Reference Handler" daemon [_thread_blocked, id=6952, stack(0x000000d243e00000,0x000000d243f00000)]
  0x000001e2cd4e8000 JavaThread "Finalizer" daemon [_thread_blocked, id=8852, stack(0x000000d243f00000,0x000000d244000000)]
  0x000001e2cd500800 JavaThread "Signal Dispatcher" daemon [_thread_blocked, id=16232, stack(0x000000d244000000,0x000000d244100000)]
  0x000001e2cd504800 JavaThread "Attach Listener" daemon [_thread_blocked, id=24668, stack(0x000000d244100000,0x000000d244200000)]
  0x000001e2cd505800 JavaThread "Service Thread" daemon [_thread_blocked, id=26468, stack(0x000000d244200000,0x000000d244300000)]
=>0x000001e2cd508000 JavaThread "C2 CompilerThread0" daemon [_thread_in_native, id=21204, stack(0x000000d244300000,0x000000d244400000)]
  0x000001e2cd509000 JavaThread "C1 CompilerThread0" daemon [_thread_blocked, id=24824, stack(0x000000d244400000,0x000000d244500000)]
  0x000001e2cde98800 JavaThread "Sweeper thread" daemon [_thread_blocked, id=28428, stack(0x000000d244500000,0x000000d244600000)]
  0x000001e2cd4ca000 JavaThread "Common-Cleaner" daemon [_thread_blocked, id=28620, stack(0x000000d244600000,0x000000d244700000)]
  0x000001e2ce3f2000 JavaThread "Monitor Ctrl-Break" daemon [_thread_in_native, id=27984, stack(0x000000d244700000,0x000000d244800000)]
  0x000001e2ce5f0000 JavaThread "Notification Thread" daemon [_thread_blocked, id=16076, stack(0x000000d244800000,0x000000d244900000)]
  0x000001e2ce56b800 JavaThread "HikariPool-1 housekeeper" daemon [_thread_blocked, id=6588, stack(0x000000d245100000,0x000000d245200000)]

Other Threads:
  0x000001e2cd4e3800 VMThread "VM Thread" [stack: 0x000000d243d00000,0x000000d243e00000] [id=15656]
  0x000001e2ce18c000 WatcherThread [stack: 0x000000d244900000,0x000000d244a00000] [id=25604]
  0x000001e2ae5e3000 GCTaskThread "GC Thread#0" [stack: 0x000000d243800000,0x000000d243900000] [id=27964]
  0x000001e2cea4a800 GCTaskThread "GC Thread#1" [stack: 0x000000d244a00000,0x000000d244b00000] [id=7936]
  0x000001e2ce957800 GCTaskThread "GC Thread#2" [stack: 0x000000d244b00000,0x000000d244c00000] [id=26724]
  0x000001e2cf06d800 GCTaskThread "GC Thread#3" [stack: 0x000000d244d00000,0x000000d244e00000] [id=23168]
  0x000001e2ae5f4000 ConcurrentGCThread "G1 Main Marker" [stack: 0x000000d243900000,0x000000d243a00000] [id=3912]
  0x000001e2ae5f5800 ConcurrentGCThread "G1 Conc#0" [stack: 0x000000d243a00000,0x000000d243b00000] [id=29148]
  0x000001e2cf9b4800 ConcurrentGCThread "G1 Conc#1" [stack: 0x000000d244c00000,0x000000d244d00000] [id=26600]
  0x000001e2ae64e800 ConcurrentGCThread "G1 Refine#0" [stack: 0x000000d243b00000,0x000000d243c00000] [id=28876]
  0x000001e2cd353800 ConcurrentGCThread "G1 Young RemSet Sampling" [stack: 0x000000d243c00000,0x000000d243d00000] [id=26616]

Threads with active compile tasks:
C2 CompilerThread0    41899 4931       4       org.springframework.beans.factory.support.AbstractBeanFactory::isTypeMatch (607 bytes)

VM state:not at safepoint (normal execution)

VM Mutex/Monitor currently owned by a thread: None

Heap address: 0x0000000083400000, size: 1996 MB, Compressed Oops mode: 32-bit
Narrow klass base: 0x0000000800000000, Narrow klass shift: 3
Compressed class space size: 1073741824 Address: 0x0000000800b30000

Heap:
 garbage-first heap   total 58368K, used 26897K [0x0000000083400000, 0x0000000100000000)
  region size 1024K, 6 young (6144K), 2 survivors (2048K)
 Metaspace       used 47160K, capacity 48398K, committed 48592K, reserved 1091584K
  class space    used 6332K, capacity 6802K, committed 6912K, reserved 1048576K
Heap Regions: E=young(eden), S=young(survivor), O=old, HS=humongous(starts), HC=humongous(continues), CS=collection set, F=free, OA=open archive, CA=closed archive, TAMS=top-at-mark-start (previous, next)
|   0|0x0000000083400000, 0x0000000083500000, 0x0000000083500000|100%|HS|  |TAMS 0x0000000083500000, 0x0000000083400000| Complete 
|   1|0x0000000083500000, 0x0000000083600000, 0x0000000083600000|100%| O|  |TAMS 0x0000000083600000, 0x0000000083500000| Untracked 
|   2|0x0000000083600000, 0x0000000083700000, 0x0000000083700000|100%| O|  |TAMS 0x0000000083700000, 0x0000000083600000| Untracked 
|   3|0x0000000083700000, 0x0000000083800000, 0x0000000083800000|100%| O|  |TAMS 0x0000000083800000, 0x0000000083700000| Untracked 
|   4|0x0000000083800000, 0x0000000083900000, 0x0000000083900000|100%| O|  |TAMS 0x0000000083900000, 0x0000000083800000| Untracked 
|   5|0x0000000083900000, 0x0000000083a00000, 0x0000000083a00000|100%| O|  |TAMS 0x0000000083a00000, 0x0000000083900000| Untracked 
|   6|0x0000000083a00000, 0x0000000083b00000, 0x0000000083b00000|100%| O|  |TAMS 0x0000000083b00000, 0x0000000083a00000| Untracked 
|   7|0x0000000083b00000, 0x0000000083c00000, 0x0000000083c00000|100%| O|  |TAMS 0x0000000083c00000, 0x0000000083b00000| Untracked 
|   8|0x0000000083c00000, 0x0000000083d00000, 0x0000000083d00000|100%| O|  |TAMS 0x0000000083d00000, 0x0000000083c00000| Untracked 
|   9|0x0000000083d00000, 0x0000000083d27800, 0x0000000083e00000| 15%| O|  |TAMS 0x0000000083d27800, 0x0000000083d00000| Untracked 
|  10|0x0000000083e00000, 0x0000000083f00000, 0x0000000083f00000|100%| O|  |TAMS 0x0000000083f00000, 0x0000000083e00000| Untracked 
|  11|0x0000000083f00000, 0x0000000084000000, 0x0000000084000000|100%| O|  |TAMS 0x0000000084000000, 0x0000000083f00000| Untracked 
|  12|0x0000000084000000, 0x0000000084100000, 0x0000000084100000|100%| O|  |TAMS 0x0000000084100000, 0x0000000084000000| Untracked 
|  13|0x0000000084100000, 0x0000000084200000, 0x0000000084200000|100%| O|  |TAMS 0x0000000084200000, 0x0000000084100000| Untracked 
|  14|0x0000000084200000, 0x0000000084300000, 0x0000000084300000|100%| O|  |TAMS 0x0000000084300000, 0x0000000084200000| Untracked 
|  15|0x0000000084300000, 0x0000000084400000, 0x0000000084400000|100%| O|  |TAMS 0x0000000084400000, 0x0000000084300000| Untracked 
|  16|0x0000000084400000, 0x0000000084500000, 0x0000000084500000|100%| O|  |TAMS 0x0000000084500000, 0x0000000084400000| Untracked 
|  17|0x0000000084500000, 0x0000000084600000, 0x0000000084600000|100%| O|  |TAMS 0x00000000845f7400, 0x0000000084500000| Untracked 
|  18|0x0000000084600000, 0x0000000084700000, 0x0000000084700000|100%| O|  |TAMS 0x0000000084600000, 0x0000000084600000| Untracked 
|  19|0x0000000084700000, 0x0000000084800000, 0x0000000084800000|100%| O|  |TAMS 0x0000000084700000, 0x0000000084700000| Untracked 
|  20|0x0000000084800000, 0x0000000084900000, 0x0000000084900000|100%| O|  |TAMS 0x0000000084800000, 0x0000000084800000| Untracked 
|  21|0x0000000084900000, 0x0000000084a00000, 0x0000000084a00000|100%| O|  |TAMS 0x0000000084900000, 0x0000000084900000| Untracked 
|  22|0x0000000084a00000, 0x0000000084a46600, 0x0000000084b00000| 27%| O|  |TAMS 0x0000000084a00000, 0x0000000084a00000| Untracked 
|  23|0x0000000084b00000, 0x0000000084b00000, 0x0000000084c00000|  0%| F|  |TAMS 0x0000000084b00000, 0x0000000084b00000| Untracked 
|  24|0x0000000084c00000, 0x0000000084c00000, 0x0000000084d00000|  0%| F|  |TAMS 0x0000000084c00000, 0x0000000084c00000| Untracked 
|  25|0x0000000084d00000, 0x0000000084d00000, 0x0000000084e00000|  0%| F|  |TAMS 0x0000000084d00000, 0x0000000084d00000| Untracked 
|  26|0x0000000084e00000, 0x0000000084e00000, 0x0000000084f00000|  0%| F|  |TAMS 0x0000000084e00000, 0x0000000084e00000| Untracked 
|  27|0x0000000084f00000, 0x0000000084f00000, 0x0000000085000000|  0%| F|  |TAMS 0x0000000084f00000, 0x0000000084f00000| Untracked 
|  28|0x0000000085000000, 0x0000000085000000, 0x0000000085100000|  0%| F|  |TAMS 0x0000000085000000, 0x0000000085000000| Untracked 
|  29|0x0000000085100000, 0x00000000851d67b8, 0x0000000085200000| 83%| S|CS|TAMS 0x0000000085100000, 0x0000000085100000| Complete 
|  30|0x0000000085200000, 0x0000000085200000, 0x0000000085300000|  0%| F|  |TAMS 0x0000000085200000, 0x0000000085200000| Untracked 
|  31|0x0000000085300000, 0x0000000085300000, 0x0000000085400000|  0%| F|  |TAMS 0x0000000085300000, 0x0000000085300000| Untracked 
|  32|0x0000000085400000, 0x0000000085400000, 0x0000000085500000|  0%| F|  |TAMS 0x0000000085400000, 0x0000000085400000| Untracked 
|  33|0x0000000085500000, 0x0000000085600000, 0x0000000085600000|100%| S|CS|TAMS 0x0000000085500000, 0x0000000085500000| Complete 
|  34|0x0000000085600000, 0x0000000085600000, 0x0000000085700000|  0%| F|  |TAMS 0x0000000085600000, 0x0000000085600000| Untracked 
|  35|0x0000000085700000, 0x0000000085700000, 0x0000000085800000|  0%| F|  |TAMS 0x0000000085700000, 0x0000000085700000| Untracked 
|  36|0x0000000085800000, 0x0000000085800000, 0x0000000085900000|  0%| F|  |TAMS 0x0000000085800000, 0x0000000085800000| Untracked 
|  37|0x0000000085900000, 0x0000000085900000, 0x0000000085a00000|  0%| F|  |TAMS 0x0000000085900000, 0x0000000085900000| Untracked 
|  38|0x0000000085a00000, 0x0000000085a00000, 0x0000000085b00000|  0%| F|  |TAMS 0x0000000085a00000, 0x0000000085a00000| Untracked 
|  39|0x0000000085b00000, 0x0000000085b00000, 0x0000000085c00000|  0%| F|  |TAMS 0x0000000085b00000, 0x0000000085b00000| Untracked 
|  40|0x0000000085c00000, 0x0000000085c00000, 0x0000000085d00000|  0%| F|  |TAMS 0x0000000085c00000, 0x0000000085c00000| Untracked 
|  41|0x0000000085d00000, 0x0000000085d00000, 0x0000000085e00000|  0%| F|  |TAMS 0x0000000085d00000, 0x0000000085d00000| Untracked 
|  42|0x0000000085e00000, 0x0000000085e00000, 0x0000000085f00000|  0%| F|  |TAMS 0x0000000085e00000, 0x0000000085e00000| Untracked 
|  43|0x0000000085f00000, 0x0000000085f00000, 0x0000000086000000|  0%| F|  |TAMS 0x0000000085f00000, 0x0000000085f00000| Untracked 
|  44|0x0000000086000000, 0x0000000086000000, 0x0000000086100000|  0%| F|  |TAMS 0x0000000086000000, 0x0000000086000000| Untracked 
|  45|0x0000000086100000, 0x0000000086100000, 0x0000000086200000|  0%| F|  |TAMS 0x0000000086100000, 0x0000000086100000| Untracked 
|  46|0x0000000086200000, 0x0000000086200000, 0x0000000086300000|  0%| F|  |TAMS 0x0000000086200000, 0x0000000086200000| Untracked 
|  47|0x0000000086300000, 0x0000000086300000, 0x0000000086400000|  0%| F|  |TAMS 0x0000000086300000, 0x0000000086300000| Untracked 
|  48|0x0000000086400000, 0x0000000086400000, 0x0000000086500000|  0%| F|  |TAMS 0x0000000086400000, 0x0000000086400000| Untracked 
|  49|0x0000000086500000, 0x0000000086500000, 0x0000000086600000|  0%| F|  |TAMS 0x0000000086500000, 0x0000000086500000| Untracked 
|  67|0x0000000087700000, 0x0000000087700000, 0x0000000087800000|  0%| F|  |TAMS 0x0000000087700000, 0x0000000087700000| Untracked 
|  68|0x0000000087800000, 0x0000000087800000, 0x0000000087900000|  0%| F|  |TAMS 0x0000000087800000, 0x0000000087800000| Untracked 
|  69|0x0000000087900000, 0x000000008796e3f0, 0x0000000087a00000| 43%| E|  |TAMS 0x0000000087900000, 0x0000000087900000| Complete 
|  70|0x0000000087a00000, 0x0000000087b00000, 0x0000000087b00000|100%| E|CS|TAMS 0x0000000087a00000, 0x0000000087a00000| Complete 
|  71|0x0000000087b00000, 0x0000000087c00000, 0x0000000087c00000|100%| E|CS|TAMS 0x0000000087b00000, 0x0000000087b00000| Complete 
|  72|0x0000000087c00000, 0x0000000087d00000, 0x0000000087d00000|100%| E|CS|TAMS 0x0000000087c00000, 0x0000000087c00000| Complete 
| 125|0x000000008b100000, 0x000000008b200000, 0x000000008b200000|100%| E|CS|TAMS 0x000000008b100000, 0x000000008b100000| Complete 

Card table byte_map: [0x000001e2c6440000,0x000001e2c6830000] _byte_map_base: 0x000001e2c6026000

Marking Bits (Prev, Next): (CMBitMap*) 0x000001e2ae5e3a08, (CMBitMap*) 0x000001e2ae5e3a48
 Prev Bits: [0x000001e2c6c20000, 0x000001e2c8b50000)
 Next Bits: [0x000001e2c8b50000, 0x000001e2caa80000)

Polling page: 0x000001e2ac540000

Metaspace:

Usage:
  Non-class:     40.62 MB capacity,    39.87 MB ( 98%) used,   623.22 KB (  1%) free+waste,   145.19 KB ( <1%) overhead. 
      Class:      6.64 MB capacity,     6.18 MB ( 93%) used,   400.02 KB (  6%) free+waste,    69.13 KB (  1%) overhead. 
       Both:     47.26 MB capacity,    46.06 MB ( 97%) used,  1023.24 KB (  2%) free+waste,   214.31 KB ( <1%) overhead. 

Virtual space:
  Non-class space:       42.00 MB reserved,      40.70 MB ( 97%) committed 
      Class space:        1.00 GB reserved,       6.75 MB ( <1%) committed 
             Both:        1.04 GB reserved,      47.45 MB (  4%) committed 

Chunk freelists:
   Non-Class:  20.00 KB
       Class:  14.00 KB
        Both:  34.00 KB

MaxMetaspaceSize: 17179869184.00 GB
CompressedClassSpaceSize: 1.00 GB

CodeHeap 'non-profiled nmethods': size=120000Kb used=2576Kb max_used=2665Kb free=117423Kb
 bounds [0x000001e2be7f0000, 0x000001e2bea90000, 0x000001e2c5d20000]
CodeHeap 'profiled nmethods': size=120000Kb used=8890Kb max_used=9456Kb free=111109Kb
 bounds [0x000001e2b72c0000, 0x000001e2b7c00000, 0x000001e2be7f0000]
CodeHeap 'non-nmethods': size=5760Kb used=1291Kb max_used=1327Kb free=4468Kb
 bounds [0x000001e2b6d20000, 0x000001e2b6f90000, 0x000001e2b72c0000]
 total_blobs=6936 nmethods=4286 adapters=487
 compilation: enabled
              stopped_count=0, restarted_count=0
 full_count=0

Compilation events (20 events):
Event: 41.729 Thread 0x000001e2cd509000 4984       2       java.util.HashMap::getNode (148 bytes)
Event: 41.730 Thread 0x000001e2cd509000 nmethod 4984 0x000001e2b739f690 code [0x000001e2b739f880, 0x000001e2b739fce8]
Event: 41.732 Thread 0x000001e2cd509000 4985       1       org.springframework.beans.factory.support.AbstractBeanFactory::getConversionService (5 bytes)
Event: 41.732 Thread 0x000001e2cd509000 nmethod 4985 0x000001e2be91bf10 code [0x000001e2be91c0a0, 0x000001e2be91c178]
Event: 41.733 Thread 0x000001e2cd509000 4986       2       org.springframework.asm.ClassReader::readUtf (161 bytes)
Event: 41.734 Thread 0x000001e2cd509000 nmethod 4986 0x000001e2b7a73610 code [0x000001e2b7a737e0, 0x000001e2b7a73bf8]
Event: 41.739 Thread 0x000001e2cd509000 4988   !   2       jdk.internal.loader.AbstractClassLoaderValue::get (21 bytes)
Event: 41.739 Thread 0x000001e2cd509000 nmethod 4988 0x000001e2b739ef10 code [0x000001e2b739f0e0, 0x000001e2b739f368]
Event: 41.740 Thread 0x000001e2cd509000 4989       2       sun.reflect.annotation.AnnotationInvocationHandler::invoke (178 bytes)
Event: 41.741 Thread 0x000001e2cd509000 nmethod 4989 0x000001e2b7a72810 code [0x000001e2b7a72a80, 0x000001e2b7a731e8]
Event: 41.743 Thread 0x000001e2cd509000 4991       2       java.util.HashMap::putVal (300 bytes)
Event: 41.744 Thread 0x000001e2cd509000 nmethod 4991 0x000001e2b7a71990 code [0x000001e2b7a71be0, 0x000001e2b7a723b8]
Event: 41.744 Thread 0x000001e2cd509000 4990       2       java.util.HashMap::put (13 bytes)
Event: 41.745 Thread 0x000001e2cd509000 nmethod 4990 0x000001e2b7a71510 code [0x000001e2b7a716c0, 0x000001e2b7a71878]
Event: 41.748 Thread 0x000001e2cd509000 4992       2       org.springframework.core.MethodClassKey::equals (55 bytes)
Event: 41.749 Thread 0x000001e2cd509000 nmethod 4992 0x000001e2b7a70f90 code [0x000001e2b7a71140, 0x000001e2b7a713b8]
Event: 41.749 Thread 0x000001e2cd509000 4993 %     3       java.lang.PublicMethods$MethodList::filter @ 17 (104 bytes)
Event: 41.750 Thread 0x000001e2cd509000 nmethod 4993% 0x000001e2b7a6fc10 code [0x000001e2b7a6fe60, 0x000001e2b7a70a88]
Event: 41.750 Thread 0x000001e2cd509000 4994       2       java.lang.ReflectiveOperationException::<init> (6 bytes)
Event: 41.751 Thread 0x000001e2cd509000 nmethod 4994 0x000001e2b7a6f890 code [0x000001e2b7a6fa20, 0x000001e2b7a6fb48]

GC Heap History (20 events):
Event: 18.929 GC heap before
{Heap before GC invocations=6 (full 0):
 garbage-first heap   total 58368K, used 43600K [0x0000000083400000, 0x0000000100000000)
  region size 1024K, 34 young (34816K), 6 survivors (6144K)
 Metaspace       used 22907K, capacity 23721K, committed 23932K, reserved 1071104K
  class space    used 2888K, capacity 3196K, committed 3200K, reserved 1048576K
}
Event: 18.958 GC heap after
{Heap after GC invocations=7 (full 0):
 garbage-first heap   total 58368K, used 15699K [0x0000000083400000, 0x0000000100000000)
  region size 1024K, 3 young (3072K), 3 survivors (3072K)
 Metaspace       used 22907K, capacity 23721K, committed 23932K, reserved 1071104K
  class space    used 2888K, capacity 3196K, committed 3200K, reserved 1048576K
}
Event: 21.424 GC heap before
{Heap before GC invocations=7 (full 0):
 garbage-first heap   total 58368K, used 42323K [0x0000000083400000, 0x0000000100000000)
  region size 1024K, 29 young (29696K), 3 survivors (3072K)
 Metaspace       used 25446K, capacity 26431K, committed 26492K, reserved 1073152K
  class space    used 3286K, capacity 3673K, committed 3712K, reserved 1048576K
}
Event: 21.451 GC heap after
{Heap after GC invocations=8 (full 0):
 garbage-first heap   total 58368K, used 17450K [0x0000000083400000, 0x0000000100000000)
  region size 1024K, 3 young (3072K), 3 survivors (3072K)
 Metaspace       used 25446K, capacity 26431K, committed 26492K, reserved 1073152K
  class space    used 3286K, capacity 3673K, committed 3712K, reserved 1048576K
}
Event: 22.403 GC heap before
{Heap before GC invocations=8 (full 0):
 garbage-first heap   total 58368K, used 42026K [0x0000000083400000, 0x0000000100000000)
  region size 1024K, 28 young (28672K), 3 survivors (3072K)
 Metaspace       used 27300K, capacity 28228K, committed 28540K, reserved 1073152K
  class space    used 3469K, capacity 3845K, committed 3968K, reserved 1048576K
}
Event: 22.427 GC heap after
{Heap after GC invocations=9 (full 0):
 garbage-first heap   total 58368K, used 18507K [0x0000000083400000, 0x0000000100000000)
  region size 1024K, 3 young (3072K), 3 survivors (3072K)
 Metaspace       used 27300K, capacity 28228K, committed 28540K, reserved 1073152K
  class space    used 3469K, capacity 3845K, committed 3968K, reserved 1048576K
}
Event: 22.447 GC heap before
{Heap before GC invocations=9 (full 0):
 garbage-first heap   total 58368K, used 43083K [0x0000000083400000, 0x0000000100000000)
  region size 1024K, 28 young (28672K), 3 survivors (3072K)
 Metaspace       used 27300K, capacity 28228K, committed 28540K, reserved 1073152K
  class space    used 3469K, capacity 3845K, committed 3968K, reserved 1048576K
}
Event: 22.462 GC heap after
{Heap after GC invocations=10 (full 0):
 garbage-first heap   total 58368K, used 18331K [0x0000000083400000, 0x0000000100000000)
  region size 1024K, 1 young (1024K), 1 survivors (1024K)
 Metaspace       used 27300K, capacity 28228K, committed 28540K, reserved 1073152K
  class space    used 3469K, capacity 3845K, committed 3968K, reserved 1048576K
}
Event: 24.437 GC heap before
{Heap before GC invocations=10 (full 0):
 garbage-first heap   total 58368K, used 45979K [0x0000000083400000, 0x0000000100000000)
  region size 1024K, 28 young (28672K), 1 survivors (1024K)
 Metaspace       used 28453K, capacity 29471K, committed 29692K, reserved 1075200K
  class space    used 3625K, capacity 4043K, committed 4096K, reserved 1048576K
}
Event: 24.452 GC heap after
{Heap after GC invocations=11 (full 0):
 garbage-first heap   total 58368K, used 18897K [0x0000000083400000, 0x0000000100000000)
  region size 1024K, 2 young (2048K), 2 survivors (2048K)
 Metaspace       used 28453K, capacity 29471K, committed 29692K, reserved 1075200K
  class space    used 3625K, capacity 4043K, committed 4096K, reserved 1048576K
}
Event: 27.053 GC heap before
{Heap before GC invocations=11 (full 0):
 garbage-first heap   total 58368K, used 45521K [0x0000000083400000, 0x0000000100000000)
  region size 1024K, 28 young (28672K), 2 survivors (2048K)
 Metaspace       used 32645K, capacity 33698K, committed 33916K, reserved 1079296K
  class space    used 4255K, capacity 4681K, committed 4736K, reserved 1048576K
}
Event: 27.066 GC heap after
{Heap after GC invocations=12 (full 0):
 garbage-first heap   total 58368K, used 19832K [0x0000000083400000, 0x0000000100000000)
  region size 1024K, 3 young (3072K), 3 survivors (3072K)
 Metaspace       used 32645K, capacity 33698K, committed 33916K, reserved 1079296K
  class space    used 4255K, capacity 4681K, committed 4736K, reserved 1048576K
}
Event: 29.299 GC heap before
{Heap before GC invocations=12 (full 0):
 garbage-first heap   total 58368K, used 30072K [0x0000000083400000, 0x0000000100000000)
  region size 1024K, 14 young (14336K), 3 survivors (3072K)
 Metaspace       used 34900K, capacity 35963K, committed 36048K, reserved 1081344K
  class space    used 4634K, capacity 5074K, committed 5120K, reserved 1048576K
}
Event: 29.317 GC heap after
{Heap after GC invocations=13 (full 0):
 garbage-first heap   total 58368K, used 20136K [0x0000000083400000, 0x0000000100000000)
  region size 1024K, 2 young (2048K), 2 survivors (2048K)
 Metaspace       used 34900K, capacity 35963K, committed 36048K, reserved 1081344K
  class space    used 4634K, capacity 5074K, committed 5120K, reserved 1048576K
}
Event: 35.333 GC heap before
{Heap before GC invocations=14 (full 0):
 garbage-first heap   total 58368K, used 46760K [0x0000000083400000, 0x0000000100000000)
  region size 1024K, 28 young (28672K), 2 survivors (2048K)
 Metaspace       used 39478K, capacity 40625K, committed 40784K, reserved 1085440K
  class space    used 5222K, capacity 5664K, committed 5760K, reserved 1048576K
}
Event: 35.350 GC heap after
{Heap after GC invocations=15 (full 0):
 garbage-first heap   total 58368K, used 22027K [0x0000000083400000, 0x0000000100000000)
  region size 1024K, 4 young (4096K), 4 survivors (4096K)
 Metaspace       used 39478K, capacity 40625K, committed 40784K, reserved 1085440K
  class space    used 5222K, capacity 5664K, committed 5760K, reserved 1048576K
}
Event: 37.739 GC heap before
{Heap before GC invocations=15 (full 0):
 garbage-first heap   total 58368K, used 46603K [0x0000000083400000, 0x0000000100000000)
  region size 1024K, 28 young (28672K), 4 survivors (4096K)
 Metaspace       used 43934K, capacity 45104K, committed 45264K, reserved 1087488K
  class space    used 5877K, capacity 6322K, committed 6400K, reserved 1048576K
}
Event: 37.766 GC heap after
{Heap after GC invocations=16 (full 0):
 garbage-first heap   total 58368K, used 23123K [0x0000000083400000, 0x0000000100000000)
  region size 1024K, 3 young (3072K), 3 survivors (3072K)
 Metaspace       used 43934K, capacity 45104K, committed 45264K, reserved 1087488K
  class space    used 5877K, capacity 6322K, committed 6400K, reserved 1048576K
}
Event: 41.682 GC heap before
{Heap before GC invocations=16 (full 0):
 garbage-first heap   total 58368K, used 46675K [0x0000000083400000, 0x0000000100000000)
  region size 1024K, 26 young (26624K), 3 survivors (3072K)
 Metaspace       used 46840K, capacity 48039K, committed 48208K, reserved 1091584K
  class space    used 6305K, capacity 6768K, committed 6784K, reserved 1048576K
}
Event: 41.700 GC heap after
{Heap after GC invocations=17 (full 0):
 garbage-first heap   total 58368K, used 23825K [0x0000000083400000, 0x0000000100000000)
  region size 1024K, 2 young (2048K), 2 survivors (2048K)
 Metaspace       used 46840K, capacity 48039K, committed 48208K, reserved 1091584K
  class space    used 6305K, capacity 6768K, committed 6784K, reserved 1048576K
}

Deoptimization events (20 events):
Event: 41.722 Thread 0x000001e2ae5a1800 Uncommon trap: trap_request=0xffffff45 fr.pc=0x000001e2be97e2f0 relative=0x0000000000000b10
Event: 41.722 Thread 0x000001e2ae5a1800 Uncommon trap: reason=unstable_if action=reinterpret pc=0x000001e2be97e2f0 method=java.util.HashMap.putVal(ILjava/lang/Object;Ljava/lang/Object;ZZ)Ljava/lang/Object; @ 109 c2
Event: 41.722 Thread 0x000001e2ae5a1800 DEOPT PACKING pc=0x000001e2be97e2f0 sp=0x000000d2437fa370
Event: 41.722 Thread 0x000001e2ae5a1800 DEOPT UNPACKING pc=0x000001e2b6d6912f sp=0x000000d2437fa338 mode 2
Event: 41.722 Thread 0x000001e2ae5a1800 Uncommon trap: trap_request=0xffffff45 fr.pc=0x000001e2bea3f5ac relative=0x00000000000001cc
Event: 41.722 Thread 0x000001e2ae5a1800 Uncommon trap: reason=unstable_if action=reinterpret pc=0x000001e2bea3f5ac method=java.util.HashMap.getNode(ILjava/lang/Object;)Ljava/util/HashMap$Node; @ 84 c2
Event: 41.722 Thread 0x000001e2ae5a1800 DEOPT PACKING pc=0x000001e2bea3f5ac sp=0x000000d2437fa3d0
Event: 41.722 Thread 0x000001e2ae5a1800 DEOPT UNPACKING pc=0x000001e2b6d6912f sp=0x000000d2437fa358 mode 2
Event: 41.727 Thread 0x000001e2ae5a1800 Uncommon trap: trap_request=0xffffff45 fr.pc=0x000001e2be8c90ec relative=0x000000000000060c
Event: 41.727 Thread 0x000001e2ae5a1800 Uncommon trap: reason=unstable_if action=reinterpret pc=0x000001e2be8c90ec method=java.lang.StringUTF16.compress([CII)[B @ 13 c2
Event: 41.727 Thread 0x000001e2ae5a1800 DEOPT PACKING pc=0x000001e2be8c90ec sp=0x000000d2437fa530
Event: 41.727 Thread 0x000001e2ae5a1800 DEOPT UNPACKING pc=0x000001e2b6d6912f sp=0x000000d2437fa350 mode 2
Event: 41.738 Thread 0x000001e2ae5a1800 Uncommon trap: trap_request=0xffffff45 fr.pc=0x000001e2be9a6ef4 relative=0x0000000000000c34
Event: 41.738 Thread 0x000001e2ae5a1800 Uncommon trap: reason=unstable_if action=reinterpret pc=0x000001e2be9a6ef4 method=sun.reflect.annotation.AnnotationInvocationHandler.invoke(Ljava/lang/Object;Ljava/lang/reflect/Method;[Ljava/lang/Object;)Ljava/lang/Object; @ 15 c2
Event: 41.738 Thread 0x000001e2ae5a1800 DEOPT PACKING pc=0x000001e2be9a6ef4 sp=0x000000d2437fa060
Event: 41.738 Thread 0x000001e2ae5a1800 DEOPT UNPACKING pc=0x000001e2b6d6912f sp=0x000000d2437fa020 mode 2
Event: 41.755 Thread 0x000001e2ae5a1800 Uncommon trap: trap_request=0xffffff45 fr.pc=0x000001e2bea79390 relative=0x0000000000000230
Event: 41.755 Thread 0x000001e2ae5a1800 Uncommon trap: reason=unstable_if action=reinterpret pc=0x000001e2bea79390 method=java.util.ArrayDeque.addLast(Ljava/lang/Object;)V @ 42 c2
Event: 41.755 Thread 0x000001e2ae5a1800 DEOPT PACKING pc=0x000001e2bea79390 sp=0x000000d2437fae50
Event: 41.755 Thread 0x000001e2ae5a1800 DEOPT UNPACKING pc=0x000001e2b6d6912f sp=0x000000d2437fada8 mode 2

Classes unloaded (0 events):
No events

Classes redefined (0 events):
No events

Internal exceptions (20 events):
Event: 41.389 Thread 0x000001e2ae5a1800 Exception <a 'java/lang/ClassNotFoundException'{0x00000000859d69a0}: java/lang/ObjectCustomizer> (0x00000000859d69a0) 
thrown [t:/workspace/open/src/hotspot/share/classfile/systemDictionary.cpp, line 226]
Event: 41.395 Thread 0x000001e2ae5a1800 Exception <a 'java/lang/ClassNotFoundException'{0x00000000859fd440}: org/springframework/data/repository/core/support/RepositoryFactoryBeanSupportCustomizer> (0x00000000859fd440) 
thrown [t:/workspace/open/src/hotspot/share/classfile/systemDictionary.cpp, line 226]
Event: 41.412 Thread 0x000001e2ae5a1800 Exception <a 'java/lang/ClassNotFoundException'{0x000000008585f0b0}: org/springframework/data/repository/core/support/TransactionalRepositoryFactoryBeanSupportCustomizer> (0x000000008585f0b0) 
thrown [t:/workspace/open/src/hotspot/share/classfile/systemDictionary.cpp, line 226]
Event: 41.419 Thread 0x000001e2ae5a1800 Exception <a 'java/lang/ClassNotFoundException'{0x000000008588aca0}: org/springframework/data/jpa/repository/support/JpaRepositoryFactoryBeanCustomizer> (0x000000008588aca0) 
thrown [t:/workspace/open/src/hotspot/share/classfile/systemDictionary.cpp, line 226]
Event: 41.486 Thread 0x000001e2ae5a1800 Exception <a 'java/lang/ClassNotFoundException'{0x00000000858d26b8}: org/springframework/beans/factory/BeanFactoryAwareCustomizer> (0x00000000858d26b8) 
thrown [t:/workspace/open/src/hotspot/share/classfile/systemDictionary.cpp, line 226]
Event: 41.499 Thread 0x000001e2ae5a1800 Exception <a 'java/lang/ClassNotFoundException'{0x00000000858ee8c0}: org/springframework/beans/factory/AwareCustomizer> (0x00000000858ee8c0) 
thrown [t:/workspace/open/src/hotspot/share/classfile/systemDictionary.cpp, line 226]
Event: 41.512 Thread 0x000001e2ae5a1800 Exception <a 'java/lang/ClassNotFoundException'{0x000000008570be68}: org/springframework/beans/factory/InitializingBeanCustomizer> (0x000000008570be68) 
thrown [t:/workspace/open/src/hotspot/share/classfile/systemDictionary.cpp, line 226]
Event: 41.530 Thread 0x000001e2ae5a1800 Exception <a 'java/lang/ClassNotFoundException'{0x0000000085730120}: org/springframework/data/repository/core/support/RepositoryFactoryInformationCustomizer> (0x0000000085730120) 
thrown [t:/workspace/open/src/hotspot/share/classfile/systemDictionary.cpp, line 226]
Event: 41.545 Thread 0x000001e2ae5a1800 Exception <a 'java/lang/ClassNotFoundException'{0x0000000085752658}: org/springframework/beans/factory/FactoryBeanCustomizer> (0x0000000085752658) 
thrown [t:/workspace/open/src/hotspot/share/classfile/systemDictionary.cpp, line 226]
Event: 41.549 Thread 0x000001e2ae5a1800 Exception <a 'java/lang/ClassNotFoundException'{0x0000000085772c58}: org/springframework/beans/factory/BeanClassLoaderAwareCustomizer> (0x0000000085772c58) 
thrown [t:/workspace/open/src/hotspot/share/classfile/systemDictionary.cpp, line 226]
Event: 41.575 Thread 0x000001e2ae5a1800 Exception <a 'java/lang/ClassNotFoundException'{0x000000008578da68}: org/springframework/beans/factory/AwareCustomizer> (0x000000008578da68) 
thrown [t:/workspace/open/src/hotspot/share/classfile/systemDictionary.cpp, line 226]
Event: 41.581 Thread 0x000001e2ae5a1800 Exception <a 'java/lang/ClassNotFoundException'{0x00000000857aaae0}: org/springframework/beans/factory/BeanFactoryAwareCustomizer> (0x00000000857aaae0) 
thrown [t:/workspace/open/src/hotspot/share/classfile/systemDictionary.cpp, line 226]
Event: 41.595 Thread 0x000001e2ae5a1800 Exception <a 'java/lang/ClassNotFoundException'{0x00000000857c6040}: org/springframework/beans/factory/AwareCustomizer> (0x00000000857c6040) 
thrown [t:/workspace/open/src/hotspot/share/classfile/systemDictionary.cpp, line 226]
Event: 41.602 Thread 0x000001e2ae5a1800 Exception <a 'java/lang/ClassNotFoundException'{0x00000000857fde38}: org/springframework/context/ApplicationEventPublisherAwareCustomizer> (0x00000000857fde38) 
thrown [t:/workspace/open/src/hotspot/share/classfile/systemDictionary.cpp, line 226]
Event: 41.617 Thread 0x000001e2ae5a1800 Exception <a 'java/lang/ClassNotFoundException'{0x00000000856198a8}: org/springframework/beans/factory/AwareCustomizer> (0x00000000856198a8) 
thrown [t:/workspace/open/src/hotspot/share/classfile/systemDictionary.cpp, line 226]
Event: 41.655 Thread 0x000001e2ae5a1800 Exception <a 'java/lang/ClassNotFoundException'{0x000000008565f430}: java/lang/ObjectCustomizer> (0x000000008565f430) 
thrown [t:/workspace/open/src/hotspot/share/classfile/systemDictionary.cpp, line 226]
Event: 41.659 Thread 0x000001e2ae5a1800 Exception <a 'java/lang/ClassNotFoundException'{0x0000000085681f30}: org/springframework/core/io/support/PropertiesLoaderSupportCustomizer> (0x0000000085681f30) 
thrown [t:/workspace/open/src/hotspot/share/classfile/systemDictionary.cpp, line 226]
Event: 41.665 Thread 0x000001e2ae5a1800 Exception <a 'java/lang/ClassNotFoundException'{0x00000000856aa008}: org/springframework/beans/factory/config/PropertiesFactoryBeanCustomizer> (0x00000000856aa008) 
thrown [t:/workspace/open/src/hotspot/share/classfile/systemDictionary.cpp, line 226]
Event: 41.675 Thread 0x000001e2ae5a1800 Exception <a 'java/lang/ClassNotFoundException'{0x00000000856d6e10}: org/springframework/beans/factory/FactoryBeanCustomizer> (0x00000000856d6e10) 
thrown [t:/workspace/open/src/hotspot/share/classfile/systemDictionary.cpp, line 226]
Event: 41.680 Thread 0x000001e2ae5a1800 Exception <a 'java/lang/ClassNotFoundException'{0x00000000856f6d88}: org/springframework/beans/factory/InitializingBeanCustomizer> (0x00000000856f6d88) 
thrown [t:/workspace/open/src/hotspot/share/classfile/systemDictionary.cpp, line 226]

Events (20 events):
Event: 40.739 Executing VM operation: HandshakeOneThread done
Event: 40.740 Thread 0x000001e2d0973000 Thread exited: 0x000001e2d0973000
Event: 41.168 loading class javax/naming/Reference
Event: 41.169 loading class javax/naming/Reference done
Event: 41.302 loading class java/util/ArrayList$ListItr
Event: 41.303 loading class java/util/ArrayList$ListItr done
Event: 41.386 loading class java/lang/ObjectCustomizer
Event: 41.386 loading class java/lang/ObjectCustomizer done
Event: 41.389 loading class java/lang/ObjectCustomizer
Event: 41.389 loading class java/lang/ObjectCustomizer done
Event: 41.651 loading class java/lang/ObjectCustomizer
Event: 41.651 loading class java/lang/ObjectCustomizer done
Event: 41.655 loading class java/lang/ObjectCustomizer
Event: 41.655 loading class java/lang/ObjectCustomizer done
Event: 41.681 Executing VM operation: G1CollectForAllocation
Event: 41.700 Executing VM operation: G1CollectForAllocation done
Event: 41.709 loading class java/util/InvalidPropertiesFormatException
Event: 41.715 loading class java/util/InvalidPropertiesFormatException done
Event: 41.738 loading class sun/reflect/annotation/AnnotationInvocationHandler$1
Event: 41.739 loading class sun/reflect/annotation/AnnotationInvocationHandler$1 done


Dynamic libraries:
0x00007ff65d0f0000 - 0x00007ff65d0ff000 	C:\Program Files\Java\jdk-14\bin\java.exe
0x00007ffdadfa0000 - 0x00007ffdae190000 	C:\WINDOWS\SYSTEM32\ntdll.dll
0x00007ffd6cf00000 - 0x00007ffd6cf13000 	C:\Program Files\AVAST Software\Avast\aswhook.dll
0x00007ffdac050000 - 0x00007ffdac102000 	C:\WINDOWS\System32\KERNEL32.DLL
0x00007ffdab0b0000 - 0x00007ffdab355000 	C:\WINDOWS\System32\KERNELBASE.dll
0x00007ffdab7d0000 - 0x00007ffdab8ca000 	C:\WINDOWS\System32\ucrtbase.dll
0x00007ffd809c0000 - 0x00007ffd809d8000 	C:\Program Files\Java\jdk-14\bin\jli.dll
0x00007ffdac8b0000 - 0x00007ffdac953000 	C:\WINDOWS\System32\ADVAPI32.dll
0x00007ffdac760000 - 0x00007ffdac7fe000 	C:\WINDOWS\System32\msvcrt.dll
0x00007ffdac810000 - 0x00007ffdac8a7000 	C:\WINDOWS\System32\sechost.dll
0x00007ffdadbf0000 - 0x00007ffdadd0f000 	C:\WINDOWS\System32\RPCRT4.dll
0x00007ffdaddc0000 - 0x00007ffdadf54000 	C:\WINDOWS\System32\USER32.dll
0x00007ffdab590000 - 0x00007ffdab5b1000 	C:\WINDOWS\System32\win32u.dll
0x00007ffdadd90000 - 0x00007ffdaddb6000 	C:\WINDOWS\System32\GDI32.dll
0x00007ffdaaf10000 - 0x00007ffdab0a8000 	C:\WINDOWS\System32\gdi32full.dll
0x00007ffdab3e0000 - 0x00007ffdab47e000 	C:\WINDOWS\System32\msvcp_win.dll
0x00007ffd9ccd0000 - 0x00007ffd9cce5000 	C:\Program Files\Java\jdk-14\bin\VCRUNTIME140.dll
0x00007ffda5900000 - 0x00007ffda590a000 	C:\WINDOWS\SYSTEM32\VERSION.dll
0x00007ffd95170000 - 0x00007ffd953f4000 	C:\WINDOWS\WinSxS\amd64_microsoft.windows.common-controls_6595b64144ccf1df_6.0.18362.1556_none_9e7e372fe45e41d5\COMCTL32.dll
0x00007ffdace90000 - 0x00007ffdad1c6000 	C:\WINDOWS\System32\combase.dll
0x00007ffdab740000 - 0x00007ffdab7c1000 	C:\WINDOWS\System32\bcryptPrimitives.dll
0x00007ffdac730000 - 0x00007ffdac75e000 	C:\WINDOWS\System32\IMM32.DLL
0x00007ffd61190000 - 0x00007ffd6122b000 	C:\Program Files\Java\jdk-14\bin\msvcp140.dll
0x00007ffd1d720000 - 0x00007ffd1e23f000 	C:\Program Files\Java\jdk-14\bin\server\jvm.dll
0x00007ffdac800000 - 0x00007ffdac808000 	C:\WINDOWS\System32\PSAPI.DLL
0x00007ffd8bb10000 - 0x00007ffd8bb19000 	C:\WINDOWS\SYSTEM32\WSOCK32.dll
0x00007ffdadd10000 - 0x00007ffdadd7f000 	C:\WINDOWS\System32\WS2_32.dll
0x00007ffda7ce0000 - 0x00007ffda7d04000 	C:\WINDOWS\SYSTEM32\WINMM.dll
0x00007ffda7a50000 - 0x00007ffda7a7d000 	C:\WINDOWS\SYSTEM32\WINMMBASE.dll
0x00007ffdab360000 - 0x00007ffdab3aa000 	C:\WINDOWS\System32\cfgmgr32.dll
0x00007ffdaaef0000 - 0x00007ffdaaf01000 	C:\WINDOWS\System32\kernel.appcore.dll
0x00007ffd80970000 - 0x00007ffd8097a000 	C:\Program Files\Java\jdk-14\bin\jimage.dll
0x00007ffd9e900000 - 0x00007ffd9eaf4000 	C:\WINDOWS\SYSTEM32\DBGHELP.DLL
0x00007ffd9dd10000 - 0x00007ffd9dd3a000 	C:\WINDOWS\SYSTEM32\dbgcore.DLL
0x00007ffd80520000 - 0x00007ffd8052e000 	C:\Program Files\Java\jdk-14\bin\instrument.dll
0x00007ffd6cb20000 - 0x00007ffd6cb45000 	C:\Program Files\Java\jdk-14\bin\java.dll
0x00007ffd80950000 - 0x00007ffd80967000 	C:\Program Files\Java\jdk-14\bin\zip.dll
0x00007ffdad1d0000 - 0x00007ffdad8b7000 	C:\WINDOWS\System32\SHELL32.dll
0x00007ffdacc70000 - 0x00007ffdacd18000 	C:\WINDOWS\System32\shcore.dll
0x00007ffdab8d0000 - 0x00007ffdac04b000 	C:\WINDOWS\System32\windows.storage.dll
0x00007ffdaae80000 - 0x00007ffdaae9e000 	C:\WINDOWS\System32\profapi.dll
0x00007ffdaaea0000 - 0x00007ffdaaeea000 	C:\WINDOWS\System32\powrprof.dll
0x00007ffdaae50000 - 0x00007ffdaae60000 	C:\WINDOWS\System32\UMPDC.dll
0x00007ffdad8c0000 - 0x00007ffdad912000 	C:\WINDOWS\System32\shlwapi.dll
0x00007ffdab5c0000 - 0x00007ffdab5d7000 	C:\WINDOWS\System32\cryptsp.dll
0x00007ffd80760000 - 0x00007ffd80779000 	C:\Program Files\Java\jdk-14\bin\net.dll
0x00007ffda5b30000 - 0x00007ffda5c2a000 	C:\WINDOWS\SYSTEM32\WINHTTP.dll
0x00007ffdaa690000 - 0x00007ffdaa6f7000 	C:\WINDOWS\system32\mswsock.dll
0x00007ffd76ce0000 - 0x00007ffd76cf2000 	C:\Program Files\Java\jdk-14\bin\nio.dll
0x00007ffd7dfe0000 - 0x00007ffd7dff0000 	C:\Program Files\Java\jdk-14\bin\verify.dll
0x00007ffd6cff0000 - 0x00007ffd6d00a000 	C:\Program Files\JetBrains\IntelliJ IDEA Community Edition 2019.3.2\bin\breakgen64.dll
0x00007ffd7db90000 - 0x00007ffd7db99000 	C:\Program Files\Java\jdk-14\bin\management.dll
0x00007ffd7b880000 - 0x00007ffd7b88b000 	C:\Program Files\Java\jdk-14\bin\management_ext.dll
0x00007ffd883d0000 - 0x00007ffd883e6000 	C:\WINDOWS\system32\napinsp.dll
0x00007ffd84fd0000 - 0x00007ffd84fea000 	C:\WINDOWS\system32\pnrpnsp.dll
0x00007ffdaa3e0000 - 0x00007ffdaa4ab000 	C:\WINDOWS\SYSTEM32\DNSAPI.dll
0x00007ffdadd80000 - 0x00007ffdadd88000 	C:\WINDOWS\System32\NSI.dll
0x00007ffdaa3a0000 - 0x00007ffdaa3da000 	C:\WINDOWS\SYSTEM32\IPHLPAPI.DLL
0x00007ffd85630000 - 0x00007ffd8563e000 	C:\WINDOWS\System32\winrnr.dll
0x00007ffda7420000 - 0x00007ffda743c000 	C:\WINDOWS\system32\NLAapi.dll
0x00007ffd9df90000 - 0x00007ffd9dfa5000 	C:\WINDOWS\system32\wshbth.dll
0x00007ffd9c530000 - 0x00007ffd9c53a000 	C:\Windows\System32\rasadhlp.dll
0x00007ffd8ff90000 - 0x00007ffd90007000 	C:\WINDOWS\System32\fwpuclnt.dll
0x00007ffdab3b0000 - 0x00007ffdab3d6000 	C:\WINDOWS\System32\bcrypt.dll
0x00007ffdaa1e0000 - 0x00007ffdaa213000 	C:\WINDOWS\system32\rsaenh.dll
0x00007ffdaad70000 - 0x00007ffdaad95000 	C:\WINDOWS\SYSTEM32\USERENV.dll
0x00007ffdaa860000 - 0x00007ffdaa86c000 	C:\WINDOWS\SYSTEM32\CRYPTBASE.dll
0x00007ffd95130000 - 0x00007ffd95146000 	C:\WINDOWS\SYSTEM32\dhcpcsvc6.DLL
0x00007ffd914c0000 - 0x00007ffd914dc000 	C:\WINDOWS\SYSTEM32\dhcpcsvc.DLL
0x00007ffd7ae70000 - 0x00007ffd7ae7e000 	C:\Program Files\Java\jdk-14\bin\sunmscapi.dll
0x00007ffdab5e0000 - 0x00007ffdab731000 	C:\WINDOWS\System32\CRYPT32.dll
0x00007ffdaae60000 - 0x00007ffdaae72000 	C:\WINDOWS\System32\MSASN1.dll
0x00007ffdaa970000 - 0x00007ffdaa996000 	C:\WINDOWS\SYSTEM32\ncrypt.dll
0x00007ffdaa930000 - 0x00007ffdaa96b000 	C:\WINDOWS\SYSTEM32\NTASN1.dll
0x00007ffd6c5e0000 - 0x00007ffd6c605000 	C:\Program Files\Java\jdk-14\bin\sunec.dll

dbghelp: loaded successfully - version: 4.0.5 - missing functions: none
symbol engine: initialized successfully - sym options: 0x614 - pdb path: .;C:\Program Files\Java\jdk-14\bin;C:\WINDOWS\SYSTEM32;C:\Program Files\AVAST Software\Avast;C:\WINDOWS\WinSxS\amd64_microsoft.windows.common-controls_6595b64144ccf1df_6.0.18362.1556_none_9e7e372fe45e41d5;C:\Program Files\Java\jdk-14\bin\server;C:\Program Files\JetBrains\IntelliJ IDEA Community Edition 2019.3.2\bin

VM Arguments:
jvm_args: -javaagent:C:\Program Files\JetBrains\IntelliJ IDEA Community Edition 2019.3.2\lib\idea_rt.jar=3541:C:\Program Files\JetBrains\IntelliJ IDEA Community Edition 2019.3.2\bin -Dfile.encoding=UTF-8 
java_command: com.stage.livraison.LivraisonApplication
java_class_path (initial): C:\stageDjagre\livraison\target\classes;C:\Users\israe\.m2\repository\io\jsonwebtoken\jjwt\0.9.1\jjwt-0.9.1.jar;C:\Users\israe\.m2\repository\com\fasterxml\jackson\core\jackson-databind\2.12.3\jackson-databind-2.12.3.jar;C:\Users\israe\.m2\repository\com\fasterxml\jackson\core\jackson-annotations\2.12.3\jackson-annotations-2.12.3.jar;C:\Users\israe\.m2\repository\com\fasterxml\jackson\core\jackson-core\2.12.3\jackson-core-2.12.3.jar;C:\Users\israe\.m2\repository\org\springframework\boot\spring-boot-starter-data-jpa\2.5.2\spring-boot-starter-data-jpa-2.5.2.jar;C:\Users\israe\.m2\repository\org\springframework\boot\spring-boot-starter-aop\2.5.2\spring-boot-starter-aop-2.5.2.jar;C:\Users\israe\.m2\repository\org\aspectj\aspectjweaver\1.9.6\aspectjweaver-1.9.6.jar;C:\Users\israe\.m2\repository\org\springframework\boot\spring-boot-starter-jdbc\2.5.2\spring-boot-starter-jdbc-2.5.2.jar;C:\Users\israe\.m2\repository\com\zaxxer\HikariCP\4.0.3\HikariCP-4.0.3.jar;C:\Users\israe\.m2\repository\org\springframework\spring-jdbc\5.3.8\spring-jdbc-5.3.8.jar;C:\Users\israe\.m2\repository\jakarta\transaction\jakarta.transaction-api\1.3.3\jakarta.transaction-api-1.3.3.jar;C:\Users\israe\.m2\repository\jakarta\persistence\jakarta.persistence-api\2.2.3\jakarta.persistence-api-2.2.3.jar;C:\Users\israe\.m2\repository\org\hibernate\hibernate-core\5.4.32.Final\hibernate-core-5.4.32.Final.jar;C:\Users\israe\.m2\repository\org\jboss\logging\jboss-logging\3.4.2.Final\jboss-logging-3.4.2.Final.jar;C:\Users\israe\.m2\repository\org\javassist\javassist\3.27.0-GA\javassist-3.27.0-GA.jar;C:\Users\israe\.m2\repository\net\bytebuddy\byte-buddy\1.10.22\byte-buddy-1.10.22.jar;C:\Users\israe\.m2\repository\antlr\antlr\2.7.7\antlr-2.7.7.jar;C:\Users\israe\.m2\repository\org\jboss\jandex\2.2.3.Final\jandex-2.2.3.Final.jar;C:\Users\israe\.m2\repository\com\fasterxml\classmate\1.5.1\classmate-1.5.1.jar;C:\Users\israe\.m2\repository\org\dom4j\dom4j\2.1.3\dom4j-2.1.3.jar;C:\Users\i
Launcher Type: SUN_STANDARD

[Global flags]
     intx CICompilerCount                          = 4                                         {product} {ergonomic}
     uint ConcGCThreads                            = 2                                         {product} {ergonomic}
     uint G1ConcRefinementThreads                  = 8                                         {product} {ergonomic}
   size_t G1HeapRegionSize                         = 1048576                                   {product} {ergonomic}
    uintx GCDrainStackTargetSize                   = 64                                        {product} {ergonomic}
   size_t InitialHeapSize                          = 132120576                                 {product} {ergonomic}
   size_t MarkStackSize                            = 4194304                                   {product} {ergonomic}
   size_t MaxHeapSize                              = 2092957696                                {product} {ergonomic}
   size_t MaxNewSize                               = 1255145472                                {product} {ergonomic}
   size_t MinHeapDeltaBytes                        = 1048576                                   {product} {ergonomic}
   size_t MinHeapSize                              = 8388608                                   {product} {ergonomic}
    uintx NonNMethodCodeHeapSize                   = 5839372                                {pd product} {ergonomic}
    uintx NonProfiledCodeHeapSize                  = 122909434                              {pd product} {ergonomic}
    uintx ProfiledCodeHeapSize                     = 122909434                              {pd product} {ergonomic}
    uintx ReservedCodeCacheSize                    = 251658240                              {pd product} {ergonomic}
     bool SegmentedCodeCache                       = true                                      {product} {ergonomic}
   size_t SoftMaxHeapSize                          = 2092957696                             {manageable} {ergonomic}
     bool UseCompressedClassPointers               = true                                 {lp64_product} {ergonomic}
     bool UseCompressedOops                        = true                                 {lp64_product} {ergonomic}
     bool UseG1GC                                  = true                                      {product} {ergonomic}
     bool UseLargePagesIndividualAllocation        = false                                  {pd product} {ergonomic}

Logging:
Log output configuration:
 #0: stdout all=warning uptime,level,tags
 #1: stderr all=off uptime,level,tags

Environment Variables:
PATH=C:\Program Files (x86)\Common Files\Oracle\Java\javapath;C:\Oracle\app\Administrator\product\11.2.0\dbhome_1\bin;C:\ProgramData\Anaconda3;C:\ProgramData\Anaconda3\Library\mingw-w64\bin;C:\ProgramData\Anaconda3\Library\usr\bin;C:\ProgramData\Anaconda3\Library\bin;C:\ProgramData\Anaconda3\Scripts;C:\ProgramData\Oracle\Java\javapath;C:\WINDOWS\system32;C:\WINDOWS;C:\WINDOWS\System32\Wbem;C:\WINDOWS\System32\WindowsPowerShell\v1.0\;C:\WINDOWS\System32\OpenSSH\;C:\Program Files\Intel\WiFi\bin\;C:\Program Files\Common Files\Intel\WirelessCommon\;C:\Program Files\dotnet\;C:\Program Files\Microsoft SQL Server\Client SDK\ODBC\170\Tools\Binn\;c:\Program Files (x86)\Microsoft SQL Server\100\Tools\Binn\VSShell\Common7\IDE\;c:\Program Files (x86)\Microsoft SQL Server\100\Tools\Binn\;c:\Program Files (x86)\Microsoft SQL Server\100\DTS\Binn\;C:\Program Files\Microsoft SQL Server\100\Tools\Binn\;C:\Program Files\Microsoft SQL Server\100\DTS\Binn\;C:\Program Files (x86)\Microsoft Visual Studio 9.0\Common7\IDE\PrivateAssemblies\;C:\Program Files (x86)\Java\jdk1.8.0_66\bin;C:\Program Files (x86)\Java\jre1.8.0_66\bin;C:\Users\israe\Downloads\chromedriver_win32;C:\Users\israe\Downloads\python;C:\Users\israe\Downloads\pip;C:\Program Files\heroku\bin;C:\Program Files\Dart\dart-sdk\bin;C:\flutter\bin;C:\composer;C:\wamp64\bin\php\php7.3.5;C:\Users\israe\Downloads\jdk-14_windows-x64_bin\jdk-14\bin;C:\wamp64.0\bin\php\php7.4.0;C:\Program Files\nodejs\;C:\Program Files (x86)\Yarn\bin\;C:\Program Files\Git\cmd;C:\Program Files\Microsoft SQL Server\130\Tools\Binn\;C:\Program Files (x86)\Microsoft SQL Server\110\DTS\Binn\;C:\Program Files (x86)\Microsoft SQL Server\120\DTS\Binn\;C:\Program Files (x86)\Microsoft SQL Server\130\DTS\Binn\;C:\Program Files (x86)\Microsoft SQL Server\140\DTS\Binn\;C:\Program Files (x86)\Microsoft SQL Server\150\DTS\Binn\;C:\Program Files\Docker\Docker\resources\bin;C:\ProgramData\DockerDesktop\version-bin;C:\Users\israe\AppData\Local\Microsoft\WindowsApps;C:\Users\
USERNAME=israe
OS=Windows_NT
PROCESSOR_IDENTIFIER=Intel64 Family 6 Model 142 Stepping 11, GenuineIntel



---------------  S Y S T E M  ---------------

OS: Windows 10 , 64 bit Build 18362 (10.0.18362.1500)
OS uptime: 0 days 9:42 hours
HyperV virtualization detected

CPU:total 8 (initial active 8) (4 cores per cpu, 2 threads per core) family 6 model 142 stepping 11, cmov, cx8, fxsr, mmx, sse, sse2, sse3, ssse3, sse4.1, sse4.2, popcnt, avx, avx2, aes, clmul, erms, 3dnowpref, lzcnt, ht, tsc, tscinvbit, bmi1, bmi2, adx, fma

Memory: 4k page, system-wide physical 7981M (298M free)
TotalPageFile size 21135M (AvailPageFile size 12M)
current process WorkingSet (physical memory assigned to process): 199M, peak: 200M
current process commit charge ("private bytes"): 241M, peak: 283M

vm_info: Java HotSpot(TM) 64-Bit Server VM (14+36-1461) for windows-amd64 JRE (14+36-1461), built on Feb  6 2020 19:08:04 by "mach5one" with MS VC++ 15.9 (VS2017)

END.
